[0.579s] Invoking command in '/home/edward/ros2_demo/chapt2/demo_python_pkg': PYTHONPATH=/home/edward/ros2_demo/chapt2/build/demo_python_pkg/prefix_override:/usr/lib/python3/dist-packages/colcon_core/task/python/colcon_distutils_commands:/home/edward/ros2_demo/chapt2/install/demo_python_pkg/lib/python3.10/site-packages:${PYTHONPATH} /usr/bin/python3 -W ignore:setup.py install is deprecated -W ignore:easy_install command is deprecated setup.py egg_info --egg-base ../build/demo_python_pkg build --build-base /home/edward/ros2_demo/chapt2/build/demo_python_pkg/build install --record /home/edward/ros2_demo/chapt2/build/demo_python_pkg/install.log --single-version-externally-managed install_data
[0.724s] running egg_info
[0.725s] creating ../build/demo_python_pkg/demo_python_pkg.egg-info
[0.725s] writing ../build/demo_python_pkg/demo_python_pkg.egg-info/PKG-INFO
[0.725s] writing dependency_links to ../build/demo_python_pkg/demo_python_pkg.egg-info/dependency_links.txt
[0.725s] writing entry points to ../build/demo_python_pkg/demo_python_pkg.egg-info/entry_points.txt
[0.725s] writing requirements to ../build/demo_python_pkg/demo_python_pkg.egg-info/requires.txt
[0.725s] writing top-level names to ../build/demo_python_pkg/demo_python_pkg.egg-info/top_level.txt
[0.725s] writing manifest file '../build/demo_python_pkg/demo_python_pkg.egg-info/SOURCES.txt'
[0.727s] reading manifest file '../build/demo_python_pkg/demo_python_pkg.egg-info/SOURCES.txt'
[0.727s] adding license file 'LICENSE'
[0.727s] writing manifest file '../build/demo_python_pkg/demo_python_pkg.egg-info/SOURCES.txt'
[0.727s] running build
[0.727s] running build_py
[0.727s] creating /home/edward/ros2_demo/chapt2/build/demo_python_pkg/build
[0.727s] creating /home/edward/ros2_demo/chapt2/build/demo_python_pkg/build/lib
[0.728s] creating /home/edward/ros2_demo/chapt2/build/demo_python_pkg/build/lib/demo_python_pkg
[0.728s] copying demo_python_pkg/__init__.py -> /home/edward/ros2_demo/chapt2/build/demo_python_pkg/build/lib/demo_python_pkg
[0.728s] copying demo_python_pkg/python_node.py -> /home/edward/ros2_demo/chapt2/build/demo_python_pkg/build/lib/demo_python_pkg
[0.729s] running install
[0.729s] running install_lib
[0.729s] creating /home/edward/ros2_demo/chapt2/install/demo_python_pkg/lib/python3.10/site-packages/demo_python_pkg
[0.730s] copying /home/edward/ros2_demo/chapt2/build/demo_python_pkg/build/lib/demo_python_pkg/__init__.py -> /home/edward/ros2_demo/chapt2/install/demo_python_pkg/lib/python3.10/site-packages/demo_python_pkg
[0.730s] copying /home/edward/ros2_demo/chapt2/build/demo_python_pkg/build/lib/demo_python_pkg/python_node.py -> /home/edward/ros2_demo/chapt2/install/demo_python_pkg/lib/python3.10/site-packages/demo_python_pkg
[0.730s] byte-compiling /home/edward/ros2_demo/chapt2/install/demo_python_pkg/lib/python3.10/site-packages/demo_python_pkg/__init__.py to __init__.cpython-310.pyc
[0.731s] byte-compiling /home/edward/ros2_demo/chapt2/install/demo_python_pkg/lib/python3.10/site-packages/demo_python_pkg/python_node.py to python_node.cpython-310.pyc
[0.731s] running install_data
[0.731s] creating /home/edward/ros2_demo/chapt2/install/demo_python_pkg/share/ament_index
[0.731s] creating /home/edward/ros2_demo/chapt2/install/demo_python_pkg/share/ament_index/resource_index
[0.731s] creating /home/edward/ros2_demo/chapt2/install/demo_python_pkg/share/ament_index/resource_index/packages
[0.732s] copying resource/demo_python_pkg -> /home/edward/ros2_demo/chapt2/install/demo_python_pkg/share/ament_index/resource_index/packages
[0.732s] copying package.xml -> /home/edward/ros2_demo/chapt2/install/demo_python_pkg/share/demo_python_pkg
[0.732s] running install_egg_info
[0.733s] Copying ../build/demo_python_pkg/demo_python_pkg.egg-info to /home/edward/ros2_demo/chapt2/install/demo_python_pkg/lib/python3.10/site-packages/demo_python_pkg-0.0.0-py3.10.egg-info
[0.734s] running install_scripts
[0.749s] Installing python_node script to /home/edward/ros2_demo/chapt2/install/demo_python_pkg/lib/demo_python_pkg
[0.750s] writing list of installed files to '/home/edward/ros2_demo/chapt2/build/demo_python_pkg/install.log'
[0.768s] Invoked command in '/home/edward/ros2_demo/chapt2/demo_python_pkg' returned '0': PYTHONPATH=/home/edward/ros2_demo/chapt2/build/demo_python_pkg/prefix_override:/usr/lib/python3/dist-packages/colcon_core/task/python/colcon_distutils_commands:/home/edward/ros2_demo/chapt2/install/demo_python_pkg/lib/python3.10/site-packages:${PYTHONPATH} /usr/bin/python3 -W ignore:setup.py install is deprecated -W ignore:easy_install command is deprecated setup.py egg_info --egg-base ../build/demo_python_pkg build --build-base /home/edward/ros2_demo/chapt2/build/demo_python_pkg/build install --record /home/edward/ros2_demo/chapt2/build/demo_python_pkg/install.log --single-version-externally-managed install_data
