[0.737s] Invoking command in '/home/edward/ros2_demo/chapt3/topic_ws/src/demo_python_topic': DEBUGINFOD_URLS=https://debuginfod.ubuntu.com PYTHONPATH=/home/edward/ros2_demo/chapt3/topic_ws/build/demo_python_topic/prefix_override:/usr/lib/python3/dist-packages/colcon_core/task/python/colcon_distutils_commands:/home/edward/ros2_demo/chapt3/topic_ws/install/demo_python_topic/lib/python3.12/site-packages:${PYTHONPATH} /usr/bin/python3 -W ignore:setup.py install is deprecated -W ignore:easy_install command is deprecated setup.py egg_info --egg-base ../../build/demo_python_topic build --build-base /home/edward/ros2_demo/chapt3/topic_ws/build/demo_python_topic/build install --record /home/edward/ros2_demo/chapt3/topic_ws/build/demo_python_topic/install.log --single-version-externally-managed install_data
[0.972s] running egg_info
[0.988s] writing ../../build/demo_python_topic/demo_python_topic.egg-info/PKG-INFO
[0.988s] writing dependency_links to ../../build/demo_python_topic/demo_python_topic.egg-info/dependency_links.txt
[0.988s] writing entry points to ../../build/demo_python_topic/demo_python_topic.egg-info/entry_points.txt
[0.988s] writing requirements to ../../build/demo_python_topic/demo_python_topic.egg-info/requires.txt
[0.988s] writing top-level names to ../../build/demo_python_topic/demo_python_topic.egg-info/top_level.txt
[1.025s] reading manifest file '../../build/demo_python_topic/demo_python_topic.egg-info/SOURCES.txt'
[1.025s] adding license file 'LICENSE'
[1.025s] writing manifest file '../../build/demo_python_topic/demo_python_topic.egg-info/SOURCES.txt'
[1.026s] running build
[1.026s] running build_py
[1.026s] copying demo_python_topic/novel_sub_node.py -> /home/edward/ros2_demo/chapt3/topic_ws/build/demo_python_topic/build/lib/demo_python_topic
[1.026s] running install
[1.032s] running install_lib
[1.049s] copying /home/edward/ros2_demo/chapt3/topic_ws/build/demo_python_topic/build/lib/demo_python_topic/novel_sub_node.py -> /home/edward/ros2_demo/chapt3/topic_ws/install/demo_python_topic/lib/python3.12/site-packages/demo_python_topic
[1.049s] byte-compiling /home/edward/ros2_demo/chapt3/topic_ws/install/demo_python_topic/lib/python3.12/site-packages/demo_python_topic/novel_sub_node.py to novel_sub_node.cpython-312.pyc
[1.050s] running install_data
[1.050s] running install_egg_info
[1.068s] removing '/home/edward/ros2_demo/chapt3/topic_ws/install/demo_python_topic/lib/python3.12/site-packages/demo_python_topic-0.0.0-py3.12.egg-info' (and everything under it)
[1.068s] Copying ../../build/demo_python_topic/demo_python_topic.egg-info to /home/edward/ros2_demo/chapt3/topic_ws/install/demo_python_topic/lib/python3.12/site-packages/demo_python_topic-0.0.0-py3.12.egg-info
[1.069s] running install_scripts
[1.192s] Installing novel_pub_node script to /home/edward/ros2_demo/chapt3/topic_ws/install/demo_python_topic/lib/demo_python_topic
[1.192s] Installing novel_sub_node script to /home/edward/ros2_demo/chapt3/topic_ws/install/demo_python_topic/lib/demo_python_topic
[1.192s] writing list of installed files to '/home/edward/ros2_demo/chapt3/topic_ws/build/demo_python_topic/install.log'
[1.215s] Invoked command in '/home/edward/ros2_demo/chapt3/topic_ws/src/demo_python_topic' returned '0': DEBUGINFOD_URLS=https://debuginfod.ubuntu.com PYTHONPATH=/home/edward/ros2_demo/chapt3/topic_ws/build/demo_python_topic/prefix_override:/usr/lib/python3/dist-packages/colcon_core/task/python/colcon_distutils_commands:/home/edward/ros2_demo/chapt3/topic_ws/install/demo_python_topic/lib/python3.12/site-packages:${PYTHONPATH} /usr/bin/python3 -W ignore:setup.py install is deprecated -W ignore:easy_install command is deprecated setup.py egg_info --egg-base ../../build/demo_python_topic build --build-base /home/edward/ros2_demo/chapt3/topic_ws/build/demo_python_topic/build install --record /home/edward/ros2_demo/chapt3/topic_ws/build/demo_python_topic/install.log --single-version-externally-managed install_data
