[0.697s] Invoking command in '/home/edward/ros2_demo/chapt3/topic_ws/src/demo_python_topic': DEBUGINFOD_URLS=https://debuginfod.ubuntu.com PYTHONPATH=/home/edward/ros2_demo/chapt3/topic_ws/build/demo_python_topic/prefix_override:/usr/lib/python3/dist-packages/colcon_core/task/python/colcon_distutils_commands:/home/edward/ros2_demo/chapt3/topic_ws/install/demo_python_topic/lib/python3.12/site-packages:${PYTHONPATH} /usr/bin/python3 -W ignore:setup.py install is deprecated -W ignore:easy_install command is deprecated setup.py egg_info --egg-base ../../build/demo_python_topic build --build-base /home/edward/ros2_demo/chapt3/topic_ws/build/demo_python_topic/build install --record /home/edward/ros2_demo/chapt3/topic_ws/build/demo_python_topic/install.log --single-version-externally-managed install_data
[0.932s] running egg_info
[0.949s] writing ../../build/demo_python_topic/demo_python_topic.egg-info/PKG-INFO
[0.949s] writing dependency_links to ../../build/demo_python_topic/demo_python_topic.egg-info/dependency_links.txt
[0.949s] writing entry points to ../../build/demo_python_topic/demo_python_topic.egg-info/entry_points.txt
[0.949s] writing requirements to ../../build/demo_python_topic/demo_python_topic.egg-info/requires.txt
[0.949s] writing top-level names to ../../build/demo_python_topic/demo_python_topic.egg-info/top_level.txt
[0.981s] reading manifest file '../../build/demo_python_topic/demo_python_topic.egg-info/SOURCES.txt'
[0.981s] adding license file 'LICENSE'
[0.982s] writing manifest file '../../build/demo_python_topic/demo_python_topic.egg-info/SOURCES.txt'
[0.982s] running build
[0.982s] running build_py
[0.982s] copying demo_python_topic/novel_pub_node.py -> /home/edward/ros2_demo/chapt3/topic_ws/build/demo_python_topic/build/lib/demo_python_topic
[0.982s] running install
[0.987s] running install_lib
[1.003s] copying /home/edward/ros2_demo/chapt3/topic_ws/build/demo_python_topic/build/lib/demo_python_topic/novel_pub_node.py -> /home/edward/ros2_demo/chapt3/topic_ws/install/demo_python_topic/lib/python3.12/site-packages/demo_python_topic
[1.004s] byte-compiling /home/edward/ros2_demo/chapt3/topic_ws/install/demo_python_topic/lib/python3.12/site-packages/demo_python_topic/novel_pub_node.py to novel_pub_node.cpython-312.pyc
[1.004s] running install_data
[1.005s] running install_egg_info
[1.026s] removing '/home/edward/ros2_demo/chapt3/topic_ws/install/demo_python_topic/lib/python3.12/site-packages/demo_python_topic-0.0.0-py3.12.egg-info' (and everything under it)
[1.026s] Copying ../../build/demo_python_topic/demo_python_topic.egg-info to /home/edward/ros2_demo/chapt3/topic_ws/install/demo_python_topic/lib/python3.12/site-packages/demo_python_topic-0.0.0-py3.12.egg-info
[1.027s] running install_scripts
[1.148s] Installing novel_pub_node script to /home/edward/ros2_demo/chapt3/topic_ws/install/demo_python_topic/lib/demo_python_topic
[1.149s] writing list of installed files to '/home/edward/ros2_demo/chapt3/topic_ws/build/demo_python_topic/install.log'
[1.172s] Invoked command in '/home/edward/ros2_demo/chapt3/topic_ws/src/demo_python_topic' returned '0': DEBUGINFOD_URLS=https://debuginfod.ubuntu.com PYTHONPATH=/home/edward/ros2_demo/chapt3/topic_ws/build/demo_python_topic/prefix_override:/usr/lib/python3/dist-packages/colcon_core/task/python/colcon_distutils_commands:/home/edward/ros2_demo/chapt3/topic_ws/install/demo_python_topic/lib/python3.12/site-packages:${PYTHONPATH} /usr/bin/python3 -W ignore:setup.py install is deprecated -W ignore:easy_install command is deprecated setup.py egg_info --egg-base ../../build/demo_python_topic build --build-base /home/edward/ros2_demo/chapt3/topic_ws/build/demo_python_topic/build install --record /home/edward/ros2_demo/chapt3/topic_ws/build/demo_python_topic/install.log --single-version-externally-managed install_data
