[0.773s] Invoking command in '/home/edward/ros2_demo/chapt3/topic_ws/src/demo_python_topic': DEBUGINFOD_URLS=https://debuginfod.ubuntu.com PYTHONPATH=/home/edward/ros2_demo/chapt3/topic_ws/build/demo_python_topic/prefix_override:/usr/lib/python3/dist-packages/colcon_core/task/python/colcon_distutils_commands:/home/edward/ros2_demo/chapt3/topic_ws/install/demo_python_topic/lib/python3.12/site-packages:${PYTHONPATH} /usr/bin/python3 -W ignore:setup.py install is deprecated -W ignore:easy_install command is deprecated setup.py egg_info --egg-base ../../build/demo_python_topic build --build-base /home/edward/ros2_demo/chapt3/topic_ws/build/demo_python_topic/build install --record /home/edward/ros2_demo/chapt3/topic_ws/build/demo_python_topic/install.log --single-version-externally-managed install_data
[1.013s] running egg_info
[1.035s] writing ../../build/demo_python_topic/demo_python_topic.egg-info/PKG-INFO
[1.035s] writing dependency_links to ../../build/demo_python_topic/demo_python_topic.egg-info/dependency_links.txt
[1.035s] writing entry points to ../../build/demo_python_topic/demo_python_topic.egg-info/entry_points.txt
[1.036s] writing requirements to ../../build/demo_python_topic/demo_python_topic.egg-info/requires.txt
[1.036s] writing top-level names to ../../build/demo_python_topic/demo_python_topic.egg-info/top_level.txt
[1.071s] reading manifest file '../../build/demo_python_topic/demo_python_topic.egg-info/SOURCES.txt'
[1.071s] adding license file 'LICENSE'
[1.072s] writing manifest file '../../build/demo_python_topic/demo_python_topic.egg-info/SOURCES.txt'
[1.072s] running build
[1.072s] running build_py
[1.072s] running install
[1.078s] running install_lib
[1.094s] running install_data
[1.094s] running install_egg_info
[1.113s] removing '/home/edward/ros2_demo/chapt3/topic_ws/install/demo_python_topic/lib/python3.12/site-packages/demo_python_topic-0.0.0-py3.12.egg-info' (and everything under it)
[1.113s] Copying ../../build/demo_python_topic/demo_python_topic.egg-info to /home/edward/ros2_demo/chapt3/topic_ws/install/demo_python_topic/lib/python3.12/site-packages/demo_python_topic-0.0.0-py3.12.egg-info
[1.114s] running install_scripts
[1.247s] Installing novel_pub_node script to /home/edward/ros2_demo/chapt3/topic_ws/install/demo_python_topic/lib/demo_python_topic
[1.248s] writing list of installed files to '/home/edward/ros2_demo/chapt3/topic_ws/build/demo_python_topic/install.log'
[1.270s] Invoked command in '/home/edward/ros2_demo/chapt3/topic_ws/src/demo_python_topic' returned '0': DEBUGINFOD_URLS=https://debuginfod.ubuntu.com PYTHONPATH=/home/edward/ros2_demo/chapt3/topic_ws/build/demo_python_topic/prefix_override:/usr/lib/python3/dist-packages/colcon_core/task/python/colcon_distutils_commands:/home/edward/ros2_demo/chapt3/topic_ws/install/demo_python_topic/lib/python3.12/site-packages:${PYTHONPATH} /usr/bin/python3 -W ignore:setup.py install is deprecated -W ignore:easy_install command is deprecated setup.py egg_info --egg-base ../../build/demo_python_topic build --build-base /home/edward/ros2_demo/chapt3/topic_ws/build/demo_python_topic/build install --record /home/edward/ros2_demo/chapt3/topic_ws/build/demo_python_topic/install.log --single-version-externally-managed install_data
